{"contracts\\Chess.sol":{"l":{"17":3,"19":3,"20":3,"21":3,"23":3},"path":"D:\\Code\\blockchain-practices\\chess-nft\\solidity\\contracts\\Chess.sol","s":{"1":3,"2":3,"3":3,"4":3},"b":{"1":[3,0]},"f":{"1":1,"2":3},"fnMap":{"1":{"name":"constructor","line":11,"loc":{"start":{"line":11,"column":4},"end":{"line":11,"column":97}}},"2":{"name":"mintNFT","line":14,"loc":{"start":{"line":13,"column":4},"end":{"line":24,"column":4}}}},"statementMap":{"1":{"start":{"line":19,"column":8},"end":{"line":19,"column":42}},"2":{"start":{"line":20,"column":8},"end":{"line":20,"column":38}},"3":{"start":{"line":21,"column":8},"end":{"line":21,"column":40}},"4":{"start":{"line":23,"column":8},"end":{"line":23,"column":24}}},"branchMap":{"1":{"line":14,"type":"if","locations":[{"start":{"line":14,"column":15},"end":{"line":14,"column":15}},{"start":{"line":14,"column":15},"end":{"line":14,"column":15}}]}}}}